android1/app/build/outputs/logs/manifest-merger-debug-report.txt
-- Merging decision tree log ---
manifest
ADDED from src/main/AndroidManifest.xml:2:1-154:12
INJECTED from src/main/AndroidManifest.xml:2:1-154:12
INJECTED from src/main/AndroidManifest.xml:2:1-154:12
INJECTED from src/main/AndroidManifest.xml:2:1-154:12
MERGED from [com.android.support:support-v4:20.0.0] AndroidManifest.xml:15:1-18:12
INJECTED from src/main/AndroidManifest.xml:2:1-154:12
INJECTED from src/main/AndroidManifest.xml:2:1-154:12
INJECTED from src/main/AndroidManifest.xml:2:1-154:12
	package
		ADDED from src/main/AndroidManifest.xml:3:5-40
		INJECTED from src/main/AndroidManifest.xml
		INJECTED from src/main/AndroidManifest.xml
	android:versionName
		ADDED from src/main/AndroidManifest.xml:5:5-32
		INJECTED from src/main/AndroidManifest.xml
		INJECTED from src/main/AndroidManifest.xml
	xmlns:android
		ADDED from src/main/AndroidManifest.xml:2:11-69
	android:versionCode
		ADDED from src/main/AndroidManifest.xml:4:5-28
		INJECTED from src/main/AndroidManifest.xml
		INJECTED from src/main/AndroidManifest.xml
uses-sdk
ADDED from src/main/AndroidManifest.xml:7:5-9:41
INJECTED from src/main/AndroidManifest.xml:7:5-9:41
INJECTED from src/main/AndroidManifest.xml:7:5-9:41
MERGED from [com.android.support:support-v4:20.0.0] AndroidManifest.xml:16:5-42
MERGED from [com.android.support:support-v4:20.0.0] AndroidManifest.xml:16:5-42
INJECTED from src/main/AndroidManifest.xml:7:5-9:41
INJECTED from src/main/AndroidManifest.xml:7:5-9:41
	android:targetSdkVersion
		ADDED from src/main/AndroidManifest.xml:9:9-38
		INJECTED from src/main/AndroidManifest.xml
		INJECTED from src/main/AndroidManifest.xml
	android:minSdkVersion
		ADDED from src/main/AndroidManifest.xml:8:9-34
		INJECTED from src/main/AndroidManifest.xml
		INJECTED from src/main/AndroidManifest.xml
supports-screens
ADDED from src/main/AndroidManifest.xml:11:5-16:39
	android:largeScreens
		ADDED from src/main/AndroidManifest.xml:13:9-36
	android:smallScreens
		ADDED from src/main/AndroidManifest.xml:16:9-36
	android:normalScreens
		ADDED from src/main/AndroidManifest.xml:14:9-37
	android:resizeable
		ADDED from src/main/AndroidManifest.xml:15:9-34
	android:anyDensity
		ADDED from src/main/AndroidManifest.xml:12:9-34
uses-permission#android.permission.SET_WALLPAPER_HINTS
ADDED from src/main/AndroidManifest.xml:17:5-77
	android:name
		ADDED from src/main/AndroidManifest.xml:17:22-75
uses-permission#android.permission.READ_EXTERNAL_STORAGE
ADDED from src/main/AndroidManifest.xml:18:5-79
	android:name
		ADDED from src/main/AndroidManifest.xml:18:22-77
uses-permission#android.permission.SET_WALLPAPER
ADDED from src/main/AndroidManifest.xml:19:5-72
	android:name
		ADDED from src/main/AndroidManifest.xml:19:22-69
uses-permission#android.permission.CAMERA
ADDED from src/main/AndroidManifest.xml:20:5-65
	android:name
		ADDED from src/main/AndroidManifest.xml:20:22-62
uses-permission#android.permission.INTERNET
ADDED from src/main/AndroidManifest.xml:21:5-67
	android:name
		ADDED from src/main/AndroidManifest.xml:21:22-64
uses-permission#android.permission.ACCESS_NETWORK_STATE
ADDED from src/main/AndroidManifest.xml:22:5-79
	android:name
		ADDED from src/main/AndroidManifest.xml:22:22-76
uses-permission#android.permission.ACCESS_WIFI_STATE
ADDED from src/main/AndroidManifest.xml:23:5-76
	android:name
		ADDED from src/main/AndroidManifest.xml:23:22-73
uses-permission#android.permission.READ_PHONE_STATE
ADDED from src/main/AndroidManifest.xml:24:5-75
	android:name
		ADDED from src/main/AndroidManifest.xml:24:22-72
uses-permission#android.permission.WRITE_EXTERNAL_STORAGE
ADDED from src/main/AndroidManifest.xml:25:5-81
	android:name
		ADDED from src/main/AndroidManifest.xml:25:22-78
uses-permission#android.permission.GET_TASKS
ADDED from src/main/AndroidManifest.xml:26:5-68
	android:name
		ADDED from src/main/AndroidManifest.xml:26:22-65
uses-permission#android.permission.SET_DEBUG_APP
ADDED from src/main/AndroidManifest.xml:27:5-72
	android:name
		ADDED from src/main/AndroidManifest.xml:27:22-69
uses-permission#android.permission.SYSTEM_ALERT_WINDOW
ADDED from src/main/AndroidManifest.xml:28:5-78
	android:name
		ADDED from src/main/AndroidManifest.xml:28:22-75
uses-permission#android.permission.GET_ACCOUNTS
ADDED from src/main/AndroidManifest.xml:29:5-71
	android:name
		ADDED from src/main/AndroidManifest.xml:29:22-68
uses-permission#android.permission.USE_CREDENTIALS
ADDED from src/main/AndroidManifest.xml:30:5-74
	android:name
		ADDED from src/main/AndroidManifest.xml:30:22-71
uses-permission#android.permission.MANAGE_ACCOUNTS
ADDED from src/main/AndroidManifest.xml:31:5-74
	android:name
		ADDED from src/main/AndroidManifest.xml:31:22-71
uses-permission#android.permission.MOUNT_UNMOUNT_FILESYSTEMS
ADDED from src/main/AndroidManifest.xml:34:5-84
	android:name
		ADDED from src/main/AndroidManifest.xml:34:22-81
application
ADDED from src/main/AndroidManifest.xml:36:5-152:19
MERGED from [com.android.support:support-v4:20.0.0] AndroidManifest.xml:17:5-19
MERGED from [com.android.support:support-v4:20.0.0] AndroidManifest.xml:17:5-19
	android:label
		ADDED from src/main/AndroidManifest.xml:40:9-41
	android:icon
		ADDED from src/main/AndroidManifest.xml:39:9-38
	android:allowBackup
		ADDED from src/main/AndroidManifest.xml:38:9-35
	android:theme
		ADDED from src/main/AndroidManifest.xml:41:9-56
	android:name
		ADDED from src/main/AndroidManifest.xml:37:9-52
service#com.umeng.update.net.DownloadingService
ADDED from src/main/AndroidManifest.xml:42:9-45:19
	android:process
		ADDED from src/main/AndroidManifest.xml:44:13-50
	android:name
		ADDED from src/main/AndroidManifest.xml:43:13-67
activity#com.umeng.update.UpdateDialogActivity
ADDED from src/main/AndroidManifest.xml:47:9-50:20
	android:theme
		ADDED from src/main/AndroidManifest.xml:49:13-72
	android:name
		ADDED from src/main/AndroidManifest.xml:48:13-65
activity#com.leftbrain.wallwrapper.controller.MainActivity
ADDED from src/main/AndroidManifest.xml:51:9-55:20
	android:screenOrientation
		ADDED from src/main/AndroidManifest.xml:54:13-49
	android:label
		ADDED from src/main/AndroidManifest.xml:53:13-45
	android:name
		ADDED from src/main/AndroidManifest.xml:52:13-52
activity#com.umeng.socialize.view.ShareActivity
ADDED from src/main/AndroidManifest.xml:56:9-63:20
	android:launchMode
		ADDED from src/main/AndroidManifest.xml:59:13-44
	android:windowSoftInputMode
		ADDED from src/main/AndroidManifest.xml:62:13-68
	android:noHistory
		ADDED from src/main/AndroidManifest.xml:60:13-37
	android:configChanges
		ADDED from src/main/AndroidManifest.xml:58:13-57
	android:theme
		ADDED from src/main/AndroidManifest.xml:61:13-50
	android:name
		ADDED from src/main/AndroidManifest.xml:57:13-66
meta-data#UMENG_APPKEY
ADDED from src/main/AndroidManifest.xml:65:9-68:21
	android:value
		ADDED from src/main/AndroidManifest.xml:67:13-53
	android:name
		ADDED from src/main/AndroidManifest.xml:66:13-40
meta-data#UMENG_CHANNEL
ADDED from src/main/AndroidManifest.xml:69:9-71:35
	android:value
		ADDED from src/main/AndroidManifest.xml:71:13-32
	android:name
		ADDED from src/main/AndroidManifest.xml:70:13-41
activity#com.leftbrain.wallwrapper.controller.AboutUsActivity
ADDED from src/main/AndroidManifest.xml:73:9-77:20
	android:screenOrientation
		ADDED from src/main/AndroidManifest.xml:76:13-49
	android:configChanges
		ADDED from src/main/AndroidManifest.xml:75:13-63
	android:name
		ADDED from src/main/AndroidManifest.xml:74:13-55
activity#com.leftbrain.wallwrapper.controller.FeedbackActivity
ADDED from src/main/AndroidManifest.xml:78:9-82:20
	android:screenOrientation
		ADDED from src/main/AndroidManifest.xml:81:13-49
	android:configChanges
		ADDED from src/main/AndroidManifest.xml:80:13-63
	android:name
		ADDED from src/main/AndroidManifest.xml:79:13-56
activity#com.leftbrain.wallwrapper.controller.SearchActivity
ADDED from src/main/AndroidManifest.xml:83:9-87:20
	android:screenOrientation
		ADDED from src/main/AndroidManifest.xml:86:13-49
	android:configChanges
		ADDED from src/main/AndroidManifest.xml:85:13-63
	android:name
		ADDED from src/main/AndroidManifest.xml:84:13-54
activity#com.leftbrain.wallwrapper.controller.SecondaryCategorySelectedActivity
ADDED from src/main/AndroidManifest.xml:88:9-92:20
	android:screenOrientation
		ADDED from src/main/AndroidManifest.xml:91:13-49
	android:configChanges
		ADDED from src/main/AndroidManifest.xml:90:13-63
	android:name
		ADDED from src/main/AndroidManifest.xml:89:13-73
activity#com.leftbrain.wallwrapper.controller.WrapperDetailActivity
ADDED from src/main/AndroidManifest.xml:93:9-97:20
	android:screenOrientation
		ADDED from src/main/AndroidManifest.xml:96:13-49
	android:configChanges
		ADDED from src/main/AndroidManifest.xml:95:13-63
	android:name
		ADDED from src/main/AndroidManifest.xml:94:13-61
activity#com.leftbrain.wallwrapper.controller.SubCategoryActivity
ADDED from src/main/AndroidManifest.xml:98:9-102:20
	android:screenOrientation
		ADDED from src/main/AndroidManifest.xml:101:13-49
	android:configChanges
		ADDED from src/main/AndroidManifest.xml:100:13-63
	android:name
		ADDED from src/main/AndroidManifest.xml:99:13-59
activity#com.leftbrain.wallwrapper.controller.SearchListActivity
ADDED from src/main/AndroidManifest.xml:103:9-107:20
	android:screenOrientation
		ADDED from src/main/AndroidManifest.xml:106:13-49
	android:configChanges
		ADDED from src/main/AndroidManifest.xml:105:13-63
	android:name
		ADDED from src/main/AndroidManifest.xml:104:13-58
activity#com.tencent.tauth.AuthActivity
ADDED from src/main/AndroidManifest.xml:108:9-121:20
	android:screenOrientation
		ADDED from src/main/AndroidManifest.xml:112:13-49
	android:launchMode
		ADDED from src/main/AndroidManifest.xml:110:13-44
	android:noHistory
		ADDED from src/main/AndroidManifest.xml:111:13-37
	android:name
		ADDED from src/main/AndroidManifest.xml:109:13-58
intent-filter#android.intent.action.VIEW+android.intent.category.BROWSABLE+android.intent.category.DEFAULT
ADDED from src/main/AndroidManifest.xml:113:13-120:29
action#android.intent.action.VIEW
ADDED from src/main/AndroidManifest.xml:114:17-69
	android:name
		ADDED from src/main/AndroidManifest.xml:114:25-66
category#android.intent.category.DEFAULT
ADDED from src/main/AndroidManifest.xml:116:17-76
	android:name
		ADDED from src/main/AndroidManifest.xml:116:27-73
category#android.intent.category.BROWSABLE
ADDED from src/main/AndroidManifest.xml:117:17-78
	android:name
		ADDED from src/main/AndroidManifest.xml:117:27-75
data
ADDED from src/main/AndroidManifest.xml:119:17-60
	android:scheme
		ADDED from src/main/AndroidManifest.xml:119:23-57
activity#com.tencent.connect.common.AssistActivity
ADDED from src/main/AndroidManifest.xml:122:9-126:75
	android:screenOrientation
		ADDED from src/main/AndroidManifest.xml:125:13-49
	android:configChanges
		ADDED from src/main/AndroidManifest.xml:124:13-74
	android:theme
		ADDED from src/main/AndroidManifest.xml:126:13-72
	android:name
		ADDED from src/main/AndroidManifest.xml:123:13-69
activity#com.leftbrain.wallwrapper.controller.WXEntryActivity
ADDED from src/main/AndroidManifest.xml:127:9-132:75
	android:screenOrientation
		ADDED from src/main/AndroidManifest.xml:131:13-49
	android:exported
		ADDED from src/main/AndroidManifest.xml:130:13-36
	android:configChanges
		ADDED from src/main/AndroidManifest.xml:129:13-74
	android:theme
		ADDED from src/main/AndroidManifest.xml:132:13-72
	android:name
		ADDED from src/main/AndroidManifest.xml:128:13-80
activity#com.leftbrain.wallwrapper.controller.SplashActivity
ADDED from src/main/AndroidManifest.xml:133:9-142:20
	android:configChanges
		ADDED from src/main/AndroidManifest.xml:135:13-74
	android:theme
		ADDED from src/main/AndroidManifest.xml:136:13-72
	android:name
		ADDED from src/main/AndroidManifest.xml:134:13-79
intent-filter#android.intent.action.MAIN+android.intent.category.LAUNCHER
ADDED from src/main/AndroidManifest.xml:137:13-141:29
action#android.intent.action.MAIN
ADDED from src/main/AndroidManifest.xml:138:17-69
	android:name
		ADDED from src/main/AndroidManifest.xml:138:25-66
category#android.intent.category.LAUNCHER
ADDED from src/main/AndroidManifest.xml:140:17-77
	android:name
		ADDED from src/main/AndroidManifest.xml:140:27-74
activity#com.leftbrain.wallwrapper.base.WallWrapperBaseActivity
ADDED from src/main/AndroidManifest.xml:143:9-146:20
	android:label
		ADDED from src/main/AndroidManifest.xml:145:13-69
	android:name
		ADDED from src/main/AndroidManifest.xml:144:13-82
service#com.leftbrain.wallwrapper.service.MyService
ADDED from src/main/AndroidManifest.xml:148:9-151:19
	android:process
		ADDED from src/main/AndroidManifest.xml:150:13-50
	android:name
		ADDED from src/main/AndroidManifest.xml:149:13-71